

***********************************************************************
Fatal NI connect error 12504, connecting to:
 (DESCRIPTION=(ADDRESS=(PROTOCOL=TCP)(HOST=160.70.51.25)(PORT=1521))(CONNECT_DATA=(SERVICE_NAME=)(CID=(PROGRAM=sqlplus)(HOST=bono3-motor-sonda)(USER=motor))))

  VERSION INFORMATION:
	TNS for Linux: Version 10.2.0.3.0 - Production
	TCP/IP NT Protocol Adapter for Linux: Version 10.2.0.3.0 - Production
  Time: 05-AUG-2014 11:46:46
  Tracing not turned on.
  Tns error struct:
    ns main err code: 12564
    TNS-12564: Message 12564 not found; No message file for product=network, facility=TNS
    ns secondary err code: 0
    nt main err code: 0
    nt secondary err code: 0
    nt OS err code: 0


***********************************************************************
Fatal NI connect error 12504, connecting to:
 (DESCRIPTION=(ADDRESS=(PROTOCOL=TCP)(HOST=160.70.51.25)(PORT=1521))(CONNECT_DATA=(SERVICE_NAME=)(CID=(PROGRAM=sqlplus)(HOST=bono3-motor-sonda)(USER=motor))))

  VERSION INFORMATION:
	TNS for Linux: Version 10.2.0.3.0 - Production
	TCP/IP NT Protocol Adapter for Linux: Version 10.2.0.3.0 - Production
  Time: 05-AUG-2014 11:46:46
  Tracing not turned on.
  Tns error struct:
    ns main err code: 12564
    TNS-12564: Message 12564 not found; No message file for product=network, facility=TNS
    ns secondary err code: 0
    nt main err code: 0
    nt secondary err code: 0
    nt OS err code: 0


***********************************************************************
Fatal NI connect error 12504, connecting to:
 (DESCRIPTION=(ADDRESS=(PROTOCOL=TCP)(HOST=160.70.51.25)(PORT=1521))(CONNECT_DATA=(SERVICE_NAME=)(CID=(PROGRAM=sqlplus)(HOST=bono3-motor-sonda)(USER=motor))))

  VERSION INFORMATION:
	TNS for Linux: Version 10.2.0.3.0 - Production
	TCP/IP NT Protocol Adapter for Linux: Version 10.2.0.3.0 - Production
  Time: 05-AUG-2014 11:46:46
  Tracing not turned on.
  Tns error struct:
    ns main err code: 12564
    TNS-12564: Message 12564 not found; No message file for product=network, facility=TNS
    ns secondary err code: 0
    nt main err code: 0
    nt secondary err code: 0
    nt OS err code: 0


***********************************************************************
Fatal NI connect error 12504, connecting to:
 (DESCRIPTION=(ADDRESS=(PROTOCOL=TCP)(HOST=160.70.51.25)(PORT=1521))(CONNECT_DATA=(SERVICE_NAME=)(CID=(PROGRAM=sqlplus)(HOST=bono3-motor-sonda)(USER=motor))))

  VERSION INFORMATION:
	TNS for Linux: Version 10.2.0.3.0 - Production
	TCP/IP NT Protocol Adapter for Linux: Version 10.2.0.3.0 - Production
  Time: 05-AUG-2014 11:46:46
  Tracing not turned on.
  Tns error struct:
    ns main err code: 12564
    TNS-12564: Message 12564 not found; No message file for product=network, facility=TNS
    ns secondary err code: 0
    nt main err code: 0
    nt secondary err code: 0
    nt OS err code: 0


***********************************************************************
Fatal NI connect error 12504, connecting to:
 (DESCRIPTION=(ADDRESS=(PROTOCOL=TCP)(HOST=160.70.51.25)(PORT=1521))(CONNECT_DATA=(SERVICE_NAME=)(CID=(PROGRAM=sqlplus)(HOST=bono3-motor-sonda)(USER=motor))))

  VERSION INFORMATION:
	TNS for Linux: Version 10.2.0.3.0 - Production
	TCP/IP NT Protocol Adapter for Linux: Version 10.2.0.3.0 - Production
  Time: 05-AUG-2014 11:46:47
  Tracing not turned on.
  Tns error struct:
    ns main err code: 12564
    TNS-12564: Message 12564 not found; No message file for product=network, facility=TNS
    ns secondary err code: 0
    nt main err code: 0
    nt secondary err code: 0
    nt OS err code: 0


***********************************************************************
Fatal NI connect error 12504, connecting to:
 (DESCRIPTION=(ADDRESS=(PROTOCOL=TCP)(HOST=160.70.51.25)(PORT=1521))(CONNECT_DATA=(SERVICE_NAME=)(CID=(PROGRAM=sqlplus)(HOST=bono3-motor-sonda)(USER=motor))))

  VERSION INFORMATION:
	TNS for Linux: Version 10.2.0.3.0 - Production
	TCP/IP NT Protocol Adapter for Linux: Version 10.2.0.3.0 - Production
  Time: 05-AUG-2014 11:46:47
  Tracing not turned on.
  Tns error struct:
    ns main err code: 12564
    TNS-12564: Message 12564 not found; No message file for product=network, facility=TNS
    ns secondary err code: 0
    nt main err code: 0
    nt secondary err code: 0
    nt OS err code: 0


***********************************************************************
Fatal NI connect error 12504, connecting to:
 (DESCRIPTION=(ADDRESS=(PROTOCOL=TCP)(HOST=160.70.51.25)(PORT=1521))(CONNECT_DATA=(SERVICE_NAME=)(CID=(PROGRAM=sqlplus)(HOST=bono3-motor-sonda)(USER=motor))))

  VERSION INFORMATION:
	TNS for Linux: Version 10.2.0.3.0 - Production
	TCP/IP NT Protocol Adapter for Linux: Version 10.2.0.3.0 - Production
  Time: 05-AUG-2014 11:46:47
  Tracing not turned on.
  Tns error struct:
    ns main err code: 12564
    TNS-12564: Message 12564 not found; No message file for product=network, facility=TNS
    ns secondary err code: 0
    nt main err code: 0
    nt secondary err code: 0
    nt OS err code: 0


***********************************************************************
Fatal NI connect error 12504, connecting to:
 (DESCRIPTION=(ADDRESS=(PROTOCOL=TCP)(HOST=160.70.51.25)(PORT=1521))(CONNECT_DATA=(SERVICE_NAME=)(CID=(PROGRAM=sqlplus)(HOST=bono3-motor-sonda)(USER=motor))))

  VERSION INFORMATION:
	TNS for Linux: Version 10.2.0.3.0 - Production
	TCP/IP NT Protocol Adapter for Linux: Version 10.2.0.3.0 - Production
  Time: 05-AUG-2014 11:46:47
  Tracing not turned on.
  Tns error struct:
    ns main err code: 12564
    TNS-12564: Message 12564 not found; No message file for product=network, facility=TNS
    ns secondary err code: 0
    nt main err code: 0
    nt secondary err code: 0
    nt OS err code: 0


***********************************************************************
Fatal NI connect error 12504, connecting to:
 (DESCRIPTION=(ADDRESS=(PROTOCOL=TCP)(HOST=160.70.51.25)(PORT=1521))(CONNECT_DATA=(SERVICE_NAME=)(CID=(PROGRAM=sqlplus)(HOST=bono3-motor-sonda)(USER=motor))))

  VERSION INFORMATION:
	TNS for Linux: Version 10.2.0.3.0 - Production
	TCP/IP NT Protocol Adapter for Linux: Version 10.2.0.3.0 - Production
  Time: 05-AUG-2014 11:46:47
  Tracing not turned on.
  Tns error struct:
    ns main err code: 12564
    TNS-12564: Message 12564 not found; No message file for product=network, facility=TNS
    ns secondary err code: 0
    nt main err code: 0
    nt secondary err code: 0
    nt OS err code: 0


***********************************************************************
Fatal NI connect error 12504, connecting to:
 (DESCRIPTION=(ADDRESS=(PROTOCOL=TCP)(HOST=160.70.51.25)(PORT=1521))(CONNECT_DATA=(SERVICE_NAME=)(CID=(PROGRAM=sqlplus)(HOST=bono3-motor-sonda)(USER=motor))))

  VERSION INFORMATION:
	TNS for Linux: Version 10.2.0.3.0 - Production
	TCP/IP NT Protocol Adapter for Linux: Version 10.2.0.3.0 - Production
  Time: 05-AUG-2014 11:46:47
  Tracing not turned on.
  Tns error struct:
    ns main err code: 12564
    TNS-12564: Message 12564 not found; No message file for product=network, facility=TNS
    ns secondary err code: 0
    nt main err code: 0
    nt secondary err code: 0
    nt OS err code: 0


***********************************************************************
Fatal NI connect error 12504, connecting to:
 (DESCRIPTION=(ADDRESS=(PROTOCOL=TCP)(HOST=160.70.51.25)(PORT=1521))(CONNECT_DATA=(SERVICE_NAME=)(CID=(PROGRAM=sqlplus)(HOST=bono3-motor-sonda)(USER=motor))))

  VERSION INFORMATION:
	TNS for Linux: Version 10.2.0.3.0 - Production
	TCP/IP NT Protocol Adapter for Linux: Version 10.2.0.3.0 - Production
  Time: 05-AUG-2014 11:46:47
  Tracing not turned on.
  Tns error struct:
    ns main err code: 12564
    TNS-12564: Message 12564 not found; No message file for product=network, facility=TNS
    ns secondary err code: 0
    nt main err code: 0
    nt secondary err code: 0
    nt OS err code: 0


***********************************************************************
Fatal NI connect error 12504, connecting to:
 (DESCRIPTION=(ADDRESS=(PROTOCOL=TCP)(HOST=160.70.51.25)(PORT=1521))(CONNECT_DATA=(SERVICE_NAME=)(CID=(PROGRAM=sqlplus)(HOST=bono3-motor-sonda)(USER=motor))))

  VERSION INFORMATION:
	TNS for Linux: Version 10.2.0.3.0 - Production
	TCP/IP NT Protocol Adapter for Linux: Version 10.2.0.3.0 - Production
  Time: 05-AUG-2014 11:46:47
  Tracing not turned on.
  Tns error struct:
    ns main err code: 12564
    TNS-12564: Message 12564 not found; No message file for product=network, facility=TNS
    ns secondary err code: 0
    nt main err code: 0
    nt secondary err code: 0
    nt OS err code: 0


***********************************************************************
Fatal NI connect error 12504, connecting to:
 (DESCRIPTION=(ADDRESS=(PROTOCOL=TCP)(HOST=160.70.51.25)(PORT=1521))(CONNECT_DATA=(SERVICE_NAME=)(CID=(PROGRAM=sqlplus)(HOST=bono3-motor-sonda)(USER=motor))))

  VERSION INFORMATION:
	TNS for Linux: Version 10.2.0.3.0 - Production
	TCP/IP NT Protocol Adapter for Linux: Version 10.2.0.3.0 - Production
  Time: 05-AUG-2014 11:46:47
  Tracing not turned on.
  Tns error struct:
    ns main err code: 12564
    TNS-12564: Message 12564 not found; No message file for product=network, facility=TNS
    ns secondary err code: 0
    nt main err code: 0
    nt secondary err code: 0
    nt OS err code: 0


***********************************************************************
Fatal NI connect error 12504, connecting to:
 (DESCRIPTION=(ADDRESS=(PROTOCOL=TCP)(HOST=160.70.51.25)(PORT=1521))(CONNECT_DATA=(SERVICE_NAME=)(CID=(PROGRAM=sqlplus)(HOST=bono3-motor-sonda)(USER=motor))))

  VERSION INFORMATION:
	TNS for Linux: Version 10.2.0.3.0 - Production
	TCP/IP NT Protocol Adapter for Linux: Version 10.2.0.3.0 - Production
  Time: 05-AUG-2014 11:46:47
  Tracing not turned on.
  Tns error struct:
    ns main err code: 12564
    TNS-12564: Message 12564 not found; No message file for product=network, facility=TNS
    ns secondary err code: 0
    nt main err code: 0
    nt secondary err code: 0
    nt OS err code: 0


***********************************************************************
Fatal NI connect error 12504, connecting to:
 (DESCRIPTION=(ADDRESS=(PROTOCOL=TCP)(HOST=160.70.51.25)(PORT=1521))(CONNECT_DATA=(SERVICE_NAME=)(CID=(PROGRAM=sqlplus)(HOST=bono3-motor-sonda)(USER=motor))))

  VERSION INFORMATION:
	TNS for Linux: Version 10.2.0.3.0 - Production
	TCP/IP NT Protocol Adapter for Linux: Version 10.2.0.3.0 - Production
  Time: 05-AUG-2014 11:46:47
  Tracing not turned on.
  Tns error struct:
    ns main err code: 12564
    TNS-12564: Message 12564 not found; No message file for product=network, facility=TNS
    ns secondary err code: 0
    nt main err code: 0
    nt secondary err code: 0
    nt OS err code: 0


***********************************************************************
Fatal NI connect error 12504, connecting to:
 (DESCRIPTION=(ADDRESS=(PROTOCOL=TCP)(HOST=160.70.51.25)(PORT=1521))(CONNECT_DATA=(SERVICE_NAME=)(CID=(PROGRAM=sqlplus)(HOST=bono3-motor-sonda)(USER=motor))))

  VERSION INFORMATION:
	TNS for Linux: Version 10.2.0.3.0 - Production
	TCP/IP NT Protocol Adapter for Linux: Version 10.2.0.3.0 - Production
  Time: 05-AUG-2014 11:46:47
  Tracing not turned on.
  Tns error struct:
    ns main err code: 12564
    TNS-12564: Message 12564 not found; No message file for product=network, facility=TNS
    ns secondary err code: 0
    nt main err code: 0
    nt secondary err code: 0
    nt OS err code: 0


***********************************************************************
Fatal NI connect error 12504, connecting to:
 (DESCRIPTION=(ADDRESS=(PROTOCOL=TCP)(HOST=160.70.51.25)(PORT=1521))(CONNECT_DATA=(SERVICE_NAME=)(CID=(PROGRAM=sqlplus)(HOST=bono3-motor-sonda)(USER=motor))))

  VERSION INFORMATION:
	TNS for Linux: Version 10.2.0.3.0 - Production
	TCP/IP NT Protocol Adapter for Linux: Version 10.2.0.3.0 - Production
  Time: 05-AUG-2014 11:46:47
  Tracing not turned on.
  Tns error struct:
    ns main err code: 12564
    TNS-12564: Message 12564 not found; No message file for product=network, facility=TNS
    ns secondary err code: 0
    nt main err code: 0
    nt secondary err code: 0
    nt OS err code: 0


***********************************************************************
Fatal NI connect error 12504, connecting to:
 (DESCRIPTION=(ADDRESS=(PROTOCOL=TCP)(HOST=160.70.51.25)(PORT=1521))(CONNECT_DATA=(SERVICE_NAME=)(CID=(PROGRAM=sqlplus)(HOST=bono3-motor-sonda)(USER=motor))))

  VERSION INFORMATION:
	TNS for Linux: Version 10.2.0.3.0 - Production
	TCP/IP NT Protocol Adapter for Linux: Version 10.2.0.3.0 - Production
  Time: 05-AUG-2014 11:46:47
  Tracing not turned on.
  Tns error struct:
    ns main err code: 12564
    TNS-12564: Message 12564 not found; No message file for product=network, facility=TNS
    ns secondary err code: 0
    nt main err code: 0
    nt secondary err code: 0
    nt OS err code: 0
